2024-09-29T11:12:23.822Z 0: 

----------------------------------------------
2024-09-29T11:12:23.833Z 1: Discord starting: {"releaseChannel":"stable","version":"0.0.69"}, modulepath: /home/brad/.config/discord/0.0.69/modules
2024-09-29T11:12:23.837Z 2: ✅ webContents.created web1 ""
2024-09-29T11:12:23.838Z 3: ✅ window.created win1 "discord"
2024-09-29T11:12:24.127Z 4: ✅ webContents.did-finish-load web1
2024-09-29T11:12:43.365Z 5: ✅ webContents.created web2 ""
2024-09-29T11:12:43.382Z 6: ✅ window.created win2 "Discord"
2024-09-29T11:12:45.955Z 7: ✅ webContents.did-finish-load web2
2024-09-29T11:12:46.054Z 8: window.close win1
2024-09-29T11:12:46.067Z 9: webContents.destroyed web1
2024-09-29T11:12:46.069Z 10: window.closed win1
2024-09-29T11:38:42.825Z 11: window.close win2
2024-09-29T11:38:46.821Z 12: window.close win2
2024-09-29T11:42:27.251Z 13: window.close win2
2024-09-29T12:17:10.224Z 0: 

----------------------------------------------
2024-09-29T12:17:10.236Z 1: Discord starting: {"releaseChannel":"stable","version":"0.0.69"}, modulepath: /home/brad/.config/discord/0.0.69/modules
2024-09-29T12:20:56.955Z 0: 

----------------------------------------------
2024-09-29T12:20:56.975Z 1: Discord starting: {"releaseChannel":"stable","version":"0.0.69"}, modulepath: /home/brad/.config/discord/0.0.69/modules
2024-09-29T12:20:56.983Z 2: ✅ webContents.created web1 ""
2024-09-29T12:20:56.985Z 3: ✅ window.created win1 "discord"
2024-09-29T12:20:57.326Z 4: ✅ webContents.did-finish-load web1
2024-09-29T12:20:57.781Z 5: ✅ webContents.created web2 ""
2024-09-29T12:20:57.798Z 6: ✅ window.created win2 "Discord"
2024-09-29T12:21:00.922Z 7: ✅ webContents.did-finish-load web2
2024-09-29T12:21:01.021Z 8: window.close win1
2024-09-29T12:21:01.051Z 9: webContents.destroyed web1
2024-09-29T12:21:01.057Z 10: window.closed win1
2024-09-29T13:47:03.281Z 0: 

----------------------------------------------
2024-09-29T13:47:03.306Z 1: Discord starting: {"releaseChannel":"stable","version":"0.0.69"}, modulepath: /home/brad/.config/discord/0.0.69/modules
2024-09-29T13:51:05.648Z 0: 

----------------------------------------------
2024-09-29T13:51:05.664Z 1: Discord starting: {"releaseChannel":"stable","version":"0.0.69"}, modulepath: /home/brad/.config/discord/0.0.69/modules
2024-09-29T13:51:05.671Z 2: ✅ webContents.created web1 ""
2024-09-29T13:51:05.673Z 3: ✅ window.created win1 "discord"
2024-09-29T13:51:05.967Z 4: ✅ webContents.did-finish-load web1
2024-09-29T13:51:06.444Z 5: ✅ webContents.created web2 ""
2024-09-29T13:51:06.461Z 6: ✅ window.created win2 "Discord"
2024-09-29T13:51:10.600Z 7: ✅ webContents.did-finish-load web2
2024-09-29T13:51:10.700Z 8: window.close win1
2024-09-29T13:51:10.711Z 9: webContents.destroyed web1
2024-09-29T13:51:10.713Z 10: window.closed win1
2024-09-29T17:40:23.373Z 11: window.close win2
2024-09-29T17:40:29.447Z 12: before-quit
2024-09-29T17:40:29.448Z 13: window.close win2
2024-09-29T17:40:29.565Z 14: webContents.destroyed web2
2024-09-29T17:40:29.583Z 15: window.closed win2
