2024-10-11 21:49:17.999 [info] Started local extension host with pid 915387.
2024-10-11 21:49:20.988 [error] [Extension Host] TypeError: Cannot read properties of undefined (reading 'packageJSON')
	at m (/home/brad/dotfiles/.vscode/extensions/jonathanharty.gruvbox-material-icon-theme-1.1.5/dist/extension.js:1:59422)
	at /home/brad/dotfiles/.vscode/extensions/jonathanharty.gruvbox-material-icon-theme-1.1.5/dist/extension.js:1:59088
	at Generator.next (<anonymous>)
	at /home/brad/dotfiles/.vscode/extensions/jonathanharty.gruvbox-material-icon-theme-1.1.5/dist/extension.js:1:58625
	at new Promise (<anonymous>)
	at a (/home/brad/dotfiles/.vscode/extensions/jonathanharty.gruvbox-material-icon-theme-1.1.5/dist/extension.js:1:58370)
	at t.checkThemeStatus (/home/brad/dotfiles/.vscode/extensions/jonathanharty.gruvbox-material-icon-theme-1.1.5/dist/extension.js:1:59018)
	at /home/brad/dotfiles/.vscode/extensions/jonathanharty.gruvbox-material-icon-theme-1.1.5/dist/extension.js:1:52529
	at Generator.next (<anonymous>)
	at a (/home/brad/dotfiles/.vscode/extensions/jonathanharty.gruvbox-material-icon-theme-1.1.5/dist/extension.js:1:52022)
2024-10-11 21:49:20.990 [error] [Extension Host] TypeError: Cannot read properties of undefined (reading 'packageJSON')
	at t.getConfigProperties (/home/brad/dotfiles/.vscode/extensions/jonathanharty.gruvbox-material-icon-theme-1.1.5/dist/extension.js:1:55948)
	at a (/home/brad/dotfiles/.vscode/extensions/jonathanharty.gruvbox-material-icon-theme-1.1.5/dist/extension.js:1:53104)
	at t.detectConfigChanges (/home/brad/dotfiles/.vscode/extensions/jonathanharty.gruvbox-material-icon-theme-1.1.5/dist/extension.js:1:52934)
	at /home/brad/dotfiles/.vscode/extensions/jonathanharty.gruvbox-material-icon-theme-1.1.5/dist/extension.js:1:52624
	at Generator.next (<anonymous>)
	at a (/home/brad/dotfiles/.vscode/extensions/jonathanharty.gruvbox-material-icon-theme-1.1.5/dist/extension.js:1:52022)
2024-10-11 21:49:22.904 [error] ENOENT: no such file or directory, open '/home/brad/.config/Code/User/globalStorage/vscodevim.vim/.registers': Error: ENOENT: no such file or directory, open '/home/brad/.config/Code/User/globalStorage/vscodevim.vim/.registers'
2024-10-11 21:49:23.540 [info] [perf] Render performance baseline is 456ms
